<?xml version="1.0" encoding="UTF-8"?>
<!-- Generated by org.testng.reporters.JUnitReportReporter -->
<testsuite hostname="Bikash" failures="0" tests="1" name="pack2.OrgTest" time="0.005" errors="0" timestamp="10 Jul 2024 07:03:31 GMT" skipped="0">
  <testcase classname="pack2.OrgTest" name="createOrgTest" time="0.005"/>
</testsuite> <!-- pack2.OrgTest -->
