<?xml version="1.0" encoding="UTF-8"?>
<!-- Generated by org.testng.reporters.JUnitReportReporter -->
<testsuite hostname="Bikash" failures="0" tests="1" name="pack1.ContactTest" time="0.041" errors="0" timestamp="10 Jul 2024 07:03:31 GMT" skipped="0">
  <testcase classname="pack1.ContactTest" name="createContactTest" time="0.041"/>
</testsuite> <!-- pack1.ContactTest -->
